INFO:singleprocessing:Start run 2024-05-22 12:31:06
INFO:singleprocessing:Clearing files in directory "raytrace\data\output\ExampleRayTraceOutput"...
INFO:singleprocessing:Initializing render control structures...
INFO:singleprocessing:Beginning tests...
INFO:singleprocessing:

Starting ExampleRayTraceOutput.example_draw_simple_ray()...
INFO:singleprocessing:Closing existing plot windows...
INFO:singleprocessing:Resetting figure management structure...
INFO:singleprocessing:In View3d.save(), saving figure: raytrace\data\output\ExampleRayTraceOutput\trto001_draw_simple_light_path_3d.png
INFO:singleprocessing:Saving figure text: raytrace\data\output\ExampleRayTraceOutput\trto001_draw_simple_light_path_3d.txt
INFO:singleprocessing:

Starting ExampleRayTraceOutput.example_mirror_trace()...
INFO:singleprocessing:Closing existing plot windows...
INFO:singleprocessing:Resetting figure management structure...
INFO:singleprocessing:In View3d.save(), saving figure: raytrace\data\output\ExampleRayTraceOutput\trto002_mirror_facing_up_3d.png
INFO:singleprocessing:Saving figure text: raytrace\data\output\ExampleRayTraceOutput\trto002_mirror_facing_up_3d.txt
INFO:singleprocessing:In View3d.save(), saving figure: raytrace\data\output\ExampleRayTraceOutput\trto003_mirror_facing_up_side_view_yz.png
INFO:singleprocessing:Saving figure text: raytrace\data\output\ExampleRayTraceOutput\trto003_mirror_facing_up_side_view_yz.txt
INFO:singleprocessing:In View3d.save(), saving figure: raytrace\data\output\ExampleRayTraceOutput\trto004_mirror_tilted_3d.png
INFO:singleprocessing:Saving figure text: raytrace\data\output\ExampleRayTraceOutput\trto004_mirror_tilted_3d.txt
INFO:singleprocessing:In View3d.save(), saving figure: raytrace\data\output\ExampleRayTraceOutput\trto005_mirror_tilted_side_view_yz.png
INFO:singleprocessing:Saving figure text: raytrace\data\output\ExampleRayTraceOutput\trto005_mirror_tilted_side_view_yz.txt
INFO:singleprocessing:In View3d.save(), saving figure: raytrace\data\output\ExampleRayTraceOutput\trto006_mirror_facing_up_many_rays_3d.png
INFO:singleprocessing:Saving figure text: raytrace\data\output\ExampleRayTraceOutput\trto006_mirror_facing_up_many_rays_3d.txt
INFO:singleprocessing:In View3d.save(), saving figure: raytrace\data\output\ExampleRayTraceOutput\trto007_mirror_facing_up_many_rays_side_view_yz.png
INFO:singleprocessing:Saving figure text: raytrace\data\output\ExampleRayTraceOutput\trto007_mirror_facing_up_many_rays_side_view_yz.txt
INFO:singleprocessing:In View3d.save(), saving figure: raytrace\data\output\ExampleRayTraceOutput\trto008_mirror_tilted_many_rays_3d.png
INFO:singleprocessing:Saving figure text: raytrace\data\output\ExampleRayTraceOutput\trto008_mirror_tilted_many_rays_3d.txt
INFO:singleprocessing:In View3d.save(), saving figure: raytrace\data\output\ExampleRayTraceOutput\trto009_mirror_tilted_many_rays_side_view_yz.png
INFO:singleprocessing:Saving figure text: raytrace\data\output\ExampleRayTraceOutput\trto009_mirror_tilted_many_rays_side_view_yz.txt
INFO:singleprocessing:

Starting ExampleRayTraceOutput.example_heliostat_trace()...
INFO:singleprocessing:Closing existing plot windows...
INFO:singleprocessing:Resetting figure management structure...
INFO:singleprocessing:In View3d.save(), saving figure: raytrace\data\output\ExampleRayTraceOutput\trto011_uncanted_heliostat_trace_yz.png
INFO:singleprocessing:Saving figure text: raytrace\data\output\ExampleRayTraceOutput\trto011_uncanted_heliostat_trace_yz.txt
INFO:singleprocessing:In View3d.save(), saving figure: raytrace\data\output\ExampleRayTraceOutput\trto013_curved_heliostat_trace_yz.png
INFO:singleprocessing:Saving figure text: raytrace\data\output\ExampleRayTraceOutput\trto013_curved_heliostat_trace_yz.txt
INFO:singleprocessing:In View3d.save(), saving figure: raytrace\data\output\ExampleRayTraceOutput\trto015_canted_heliostat_trace_yz.png
INFO:singleprocessing:Saving figure text: raytrace\data\output\ExampleRayTraceOutput\trto015_canted_heliostat_trace_yz.txt
INFO:singleprocessing:

Starting ExampleRayTraceOutput._heliostat_at_moment()...
INFO:singleprocessing:Closing existing plot windows...
INFO:singleprocessing:Resetting figure management structure...
INFO:singleprocessing:In View3d.save(), saving figure: raytrace\data\output\ExampleRayTraceOutput\trto016_5w1_at_11_02_3d.png
INFO:singleprocessing:Saving figure text: raytrace\data\output\ExampleRayTraceOutput\trto016_5w1_at_11_02_3d.txt
INFO:singleprocessing:In View3d.save(), saving figure: raytrace\data\output\ExampleRayTraceOutput\trto017_5w1_at_11_02_xz.png
INFO:singleprocessing:Saving figure text: raytrace\data\output\ExampleRayTraceOutput\trto017_5w1_at_11_02_xz.txt
INFO:singleprocessing:

Starting ExampleRayTraceOutput._heliostat_at_moment()...
INFO:singleprocessing:Closing existing plot windows...
INFO:singleprocessing:Resetting figure management structure...
INFO:singleprocessing:In View3d.save(), saving figure: raytrace\data\output\ExampleRayTraceOutput\trto020_5w1_at_13_02_3d.png
INFO:singleprocessing:Saving figure text: raytrace\data\output\ExampleRayTraceOutput\trto020_5w1_at_13_02_3d.txt
INFO:singleprocessing:In View3d.save(), saving figure: raytrace\data\output\ExampleRayTraceOutput\trto021_5w1_at_13_02_xz.png
INFO:singleprocessing:Saving figure text: raytrace\data\output\ExampleRayTraceOutput\trto021_5w1_at_13_02_xz.txt
INFO:singleprocessing:

Starting ExampleRayTraceOutput._heliostat_at_moment()...
INFO:singleprocessing:Closing existing plot windows...
INFO:singleprocessing:Resetting figure management structure...
INFO:singleprocessing:In View3d.save(), saving figure: raytrace\data\output\ExampleRayTraceOutput\trto024_5w1_at_15_02_3d.png
INFO:singleprocessing:Saving figure text: raytrace\data\output\ExampleRayTraceOutput\trto024_5w1_at_15_02_3d.txt
INFO:singleprocessing:In View3d.save(), saving figure: raytrace\data\output\ExampleRayTraceOutput\trto025_5w1_at_15_02_xz.png
INFO:singleprocessing:Saving figure text: raytrace\data\output\ExampleRayTraceOutput\trto025_5w1_at_15_02_xz.txt
INFO:singleprocessing:

Starting ExampleRayTraceOutput.example_partial_field_trace()...
INFO:singleprocessing:Closing existing plot windows...
INFO:singleprocessing:Resetting figure management structure...
INFO:singleprocessing:In View3d.save(), saving figure: raytrace\data\output\ExampleRayTraceOutput\trto026_partial_field_trace_xy.png
INFO:singleprocessing:Saving figure text: raytrace\data\output\ExampleRayTraceOutput\trto026_partial_field_trace_xy.txt
INFO:singleprocessing:All tests complete.
INFO:singleprocessing:Closing created plot windows...
