INFO:singleprocessing:Start run 2024-05-22 12:07:22
INFO:singleprocessing:Clearing files in directory "mirror\data\output\ExampleMirrorOutput"...
INFO:singleprocessing:Initializing render control structures...
INFO:singleprocessing:Beginning examples...
INFO:singleprocessing:

Starting ExampleMirrorOutput.example_mirror()...
INFO:singleprocessing:Closing existing plot windows...
INFO:singleprocessing:Resetting figure management structure...
INFO:singleprocessing:In View3d.save(), saving figure: mirror\data\output\ExampleMirrorOutput\tmo001_Mirror_rectangle_2.0m_x_3.0m_f_eq_2.0m_Face_Up_Face_Up_3d.png
INFO:singleprocessing:Saving figure text: mirror\data\output\ExampleMirrorOutput\tmo001_Mirror_rectangle_2.0m_x_3.0m_f_eq_2.0m_Face_Up_Face_Up_3d.txt
INFO:singleprocessing:

Starting ExampleMirrorOutput.example_mirror_halfpi_rotation()...
INFO:singleprocessing:Closing existing plot windows...
INFO:singleprocessing:Resetting figure management structure...
INFO:singleprocessing:In View3d.save(), saving figure: mirror\data\output\ExampleMirrorOutput\tmo002_Mirror_rectangle_2.0m_x_3.0m_f_eq_2.0m_Face_Up_Face_Horizon_3d.png
INFO:singleprocessing:Saving figure text: mirror\data\output\ExampleMirrorOutput\tmo002_Mirror_rectangle_2.0m_x_3.0m_f_eq_2.0m_Face_Up_Face_Horizon_3d.txt
INFO:singleprocessing:

Starting ExampleMirrorOutput.example_facet()...
INFO:singleprocessing:Closing existing plot windows...
INFO:singleprocessing:Resetting figure management structure...
INFO:singleprocessing:In View3d.save(), saving figure: mirror\data\output\ExampleMirrorOutput\tmo004_Facet_from_Mirror_rectangle_2.0m_x_3.0m_f_eq_2.0m_Face_Up_3d.png
INFO:singleprocessing:Saving figure text: mirror\data\output\ExampleMirrorOutput\tmo004_Facet_from_Mirror_rectangle_2.0m_x_3.0m_f_eq_2.0m_Face_Up_3d.txt
INFO:singleprocessing:

Starting ExampleMirrorOutput.example_heliostat_surface_normals()...
INFO:singleprocessing:Closing existing plot windows...
INFO:singleprocessing:Resetting figure management structure...
INFO:singleprocessing:In View3d.save(), saving figure: mirror\data\output\ExampleMirrorOutput\tmo006_Heliostat_with_Parametrically_Defined_Facets_3d.png
INFO:singleprocessing:Saving figure text: mirror\data\output\ExampleMirrorOutput\tmo006_Heliostat_with_Parametrically_Defined_Facets_3d.txt
INFO:singleprocessing:

Starting ExampleMirrorOutput.example_solar_field()...
INFO:singleprocessing:Closing existing plot windows...
INFO:singleprocessing:Resetting figure management structure...
INFO:singleprocessing:In View3d.save(), saving figure: mirror\data\output\ExampleMirrorOutput\tmo007_Two_Heliostats_3d.png
INFO:singleprocessing:Saving figure text: mirror\data\output\ExampleMirrorOutput\tmo007_Two_Heliostats_3d.txt
INFO:singleprocessing:

Starting ExampleMirrorOutput.example_heliostat_05W01_and_14W01()...
INFO:singleprocessing:Closing existing plot windows...
INFO:singleprocessing:Resetting figure management structure...
INFO:singleprocessing:In View3d.save(), saving figure: mirror\data\output\ExampleMirrorOutput\tmo017_NSTTF_Heliostat_5W01_long_normals__xy.png
INFO:singleprocessing:Saving figure text: mirror\data\output\ExampleMirrorOutput\tmo017_NSTTF_Heliostat_5W01_long_normals__xy.txt
INFO:singleprocessing:In View3d.save(), saving figure: mirror\data\output\ExampleMirrorOutput\tmo018_NSTTF_Heliostat_14W01_long_normals__xy.png
INFO:singleprocessing:Saving figure text: mirror\data\output\ExampleMirrorOutput\tmo018_NSTTF_Heliostat_14W01_long_normals__xy.txt
INFO:singleprocessing:In View3d.save(), saving figure: mirror\data\output\ExampleMirrorOutput\tmo019_Two_NSTTF_Heliostats_5W01_and_14W01_very_long_normals__yz.png
INFO:singleprocessing:Saving figure text: mirror\data\output\ExampleMirrorOutput\tmo019_Two_NSTTF_Heliostats_5W01_and_14W01_very_long_normals__yz.txt
INFO:singleprocessing:In View3d.save(), saving figure: mirror\data\output\ExampleMirrorOutput\tmo020_NSTTF_Heliostat_5W01_exaggerated_z__3d_3.71z4.42.png
INFO:singleprocessing:Saving figure text: mirror\data\output\ExampleMirrorOutput\tmo020_NSTTF_Heliostat_5W01_exaggerated_z__3d_3.71z4.42.txt
INFO:singleprocessing:In View3d.save(), saving figure: mirror\data\output\ExampleMirrorOutput\tmo021_NSTTF_Heliostat_5W01_exaggerated_z__yz_3.71z4.42.png
INFO:singleprocessing:Saving figure text: mirror\data\output\ExampleMirrorOutput\tmo021_NSTTF_Heliostat_5W01_exaggerated_z__yz_3.71z4.42.txt
INFO:singleprocessing:In View3d.save(), saving figure: mirror\data\output\ExampleMirrorOutput\tmo022_NSTTF_Heliostat_14W01_exaggerated_z__3d_4.36z5.07.png
INFO:singleprocessing:Saving figure text: mirror\data\output\ExampleMirrorOutput\tmo022_NSTTF_Heliostat_14W01_exaggerated_z__3d_4.36z5.07.txt
INFO:singleprocessing:In View3d.save(), saving figure: mirror\data\output\ExampleMirrorOutput\tmo023_NSTTF_Heliostat_14W01_exaggerated_z__yz_4.36z5.07.png
INFO:singleprocessing:Saving figure text: mirror\data\output\ExampleMirrorOutput\tmo023_NSTTF_Heliostat_14W01_exaggerated_z__yz_4.36z5.07.txt
INFO:singleprocessing:

Starting ExampleMirrorOutput.example_heliostat_stages()...
INFO:singleprocessing:Closing existing plot windows...
INFO:singleprocessing:Resetting figure management structure...
INFO:singleprocessing:In View3d.save(), saving figure: mirror\data\output\ExampleMirrorOutput\tmo024_NSTTF_Heliostat_Short_Focal_Length_Without_Canting_3d.png
INFO:singleprocessing:Saving figure text: mirror\data\output\ExampleMirrorOutput\tmo024_NSTTF_Heliostat_Short_Focal_Length_Without_Canting_3d.txt
INFO:singleprocessing:In View3d.save(), saving figure: mirror\data\output\ExampleMirrorOutput\tmo025_NSTTF_Heliostat_Short_Focal_Length_Canted_and_Lifted_3d.png
INFO:singleprocessing:Saving figure text: mirror\data\output\ExampleMirrorOutput\tmo025_NSTTF_Heliostat_Short_Focal_Length_Canted_and_Lifted_3d.txt
INFO:singleprocessing:In View3d.save(), saving figure: mirror\data\output\ExampleMirrorOutput\tmo026_NSTTF_Heliostat_Short_Focal_Length_With_Canting_3d.png
INFO:singleprocessing:Saving figure text: mirror\data\output\ExampleMirrorOutput\tmo026_NSTTF_Heliostat_Short_Focal_Length_With_Canting_3d.txt
INFO:singleprocessing:In View3d.save(), saving figure: mirror\data\output\ExampleMirrorOutput\tmo027_NSTTF_Heliostat_Short_Focal_Length_With_Canting_and_Tracking_3d.png
INFO:singleprocessing:Saving figure text: mirror\data\output\ExampleMirrorOutput\tmo027_NSTTF_Heliostat_Short_Focal_Length_With_Canting_and_Tracking_3d.txt
INFO:singleprocessing:All examples complete.
INFO:singleprocessing:Closing created plot windows...
