INFO:singleprocessing:Start run 2024-05-22 12:47:51
INFO:singleprocessing:Clearing files in directory "solarfield\data\output\ExampleSolarFieldOutput"...
INFO:singleprocessing:Initializing render control structures...
INFO:singleprocessing:Beginning tests...
INFO:singleprocessing:

Starting ExampleSolarFieldOutput.example_single_heliostat()...
INFO:singleprocessing:Closing existing plot windows...
INFO:singleprocessing:Resetting figure management structure...
INFO:singleprocessing:In View3d.save(), saving figure: solarfield\data\output\ExampleSolarFieldOutput\tsfo001_Heliostat_5E10_Face_West_3d.png
INFO:singleprocessing:Saving figure text: solarfield\data\output\ExampleSolarFieldOutput\tsfo001_Heliostat_5E10_Face_West_3d.txt
INFO:singleprocessing:

Starting ExampleSolarFieldOutput.example_annotated_heliostat()...
INFO:singleprocessing:Closing existing plot windows...
INFO:singleprocessing:Resetting figure management structure...
INFO:singleprocessing:In View3d.save(), saving figure: solarfield\data\output\ExampleSolarFieldOutput\tsfo002_Heliostat_5E10_with_Highlighting_3d.png
INFO:singleprocessing:Saving figure text: solarfield\data\output\ExampleSolarFieldOutput\tsfo002_Heliostat_5E10_with_Highlighting_3d.txt
INFO:singleprocessing:

Starting ExampleSolarFieldOutput.example_multi_heliostat()...
INFO:singleprocessing:Closing existing plot windows...
INFO:singleprocessing:Resetting figure management structure...
INFO:singleprocessing:In View3d.save(), saving figure: solarfield\data\output\ExampleSolarFieldOutput\tsfo003_Example_Poses_and_Styles_3d.png
INFO:singleprocessing:Saving figure text: solarfield\data\output\ExampleSolarFieldOutput\tsfo003_Example_Poses_and_Styles_3d.txt
INFO:singleprocessing:

Starting ExampleSolarFieldOutput.example_solar_field_h_names()...
INFO:singleprocessing:Closing existing plot windows...
INFO:singleprocessing:Resetting figure management structure...
INFO:singleprocessing:In View3d.save(), saving figure: solarfield\data\output\ExampleSolarFieldOutput\tsfo004_Heliostat_Names_xy.png
INFO:singleprocessing:Saving figure text: solarfield\data\output\ExampleSolarFieldOutput\tsfo004_Heliostat_Names_xy.txt
INFO:singleprocessing:

Starting ExampleSolarFieldOutput.example_solar_field_h_centroids()...
INFO:singleprocessing:Closing existing plot windows...
INFO:singleprocessing:Resetting figure management structure...
INFO:singleprocessing:In View3d.save(), saving figure: solarfield\data\output\ExampleSolarFieldOutput\tsfo005_Heliostat_Centroids_3d.png
INFO:singleprocessing:Saving figure text: solarfield\data\output\ExampleSolarFieldOutput\tsfo005_Heliostat_Centroids_3d.txt
INFO:singleprocessing:In View3d.save(), saving figure: solarfield\data\output\ExampleSolarFieldOutput\tsfo006_Heliostat_Centroids_xy.png
INFO:singleprocessing:Saving figure text: solarfield\data\output\ExampleSolarFieldOutput\tsfo006_Heliostat_Centroids_xy.txt
INFO:singleprocessing:In View3d.save(), saving figure: solarfield\data\output\ExampleSolarFieldOutput\tsfo007_Heliostat_Centroids_xz.png
INFO:singleprocessing:Saving figure text: solarfield\data\output\ExampleSolarFieldOutput\tsfo007_Heliostat_Centroids_xz.txt
INFO:singleprocessing:In View3d.save(), saving figure: solarfield\data\output\ExampleSolarFieldOutput\tsfo008_Heliostat_Centroids_yz.png
INFO:singleprocessing:Saving figure text: solarfield\data\output\ExampleSolarFieldOutput\tsfo008_Heliostat_Centroids_yz.txt
INFO:singleprocessing:

Starting ExampleSolarFieldOutput.example_solar_field_h_centroids_names()...
INFO:singleprocessing:Closing existing plot windows...
INFO:singleprocessing:Resetting figure management structure...
INFO:singleprocessing:In View3d.save(), saving figure: solarfield\data\output\ExampleSolarFieldOutput\tsfo009_Heliostat_Labelled_Centroids_xy.png
INFO:singleprocessing:Saving figure text: solarfield\data\output\ExampleSolarFieldOutput\tsfo009_Heliostat_Labelled_Centroids_xy.txt
INFO:singleprocessing:

Starting ExampleSolarFieldOutput.example_solar_field_h_outlines()...
INFO:singleprocessing:Closing existing plot windows...
INFO:singleprocessing:Resetting figure management structure...
INFO:singleprocessing:In View3d.save(), saving figure: solarfield\data\output\ExampleSolarFieldOutput\tsfo010_Heliostat_Outlines_3d.png
INFO:singleprocessing:Saving figure text: solarfield\data\output\ExampleSolarFieldOutput\tsfo010_Heliostat_Outlines_3d.txt
INFO:singleprocessing:

Starting ExampleSolarFieldOutput.example_annotated_solar_field()...
INFO:singleprocessing:Closing existing plot windows...
INFO:singleprocessing:Resetting figure management structure...
INFO:singleprocessing:In View3d.save(), saving figure: solarfield\data\output\ExampleSolarFieldOutput\tsfo011_Solar_Field_Situation_3d.png
INFO:singleprocessing:Saving figure text: solarfield\data\output\ExampleSolarFieldOutput\tsfo011_Solar_Field_Situation_3d.txt
INFO:singleprocessing:

Starting ExampleSolarFieldOutput.example_solar_field_subset()...
INFO:singleprocessing:Closing existing plot windows...
INFO:singleprocessing:Resetting figure management structure...
INFO:singleprocessing:In View3d.save(), saving figure: solarfield\data\output\ExampleSolarFieldOutput\tsfo012_Selected_Heliostats_3d.png
INFO:singleprocessing:Saving figure text: solarfield\data\output\ExampleSolarFieldOutput\tsfo012_Selected_Heliostats_3d.txt
INFO:singleprocessing:

Starting ExampleSolarFieldOutput.example_heliostat_vector_field()...
INFO:singleprocessing:Closing existing plot windows...
INFO:singleprocessing:Resetting figure management structure...
INFO:singleprocessing:In View3d.save(), saving figure: solarfield\data\output\ExampleSolarFieldOutput\tsfo013_Heliostat_Vector_Field_3d.png
INFO:singleprocessing:Saving figure text: solarfield\data\output\ExampleSolarFieldOutput\tsfo013_Heliostat_Vector_Field_3d.txt
INFO:singleprocessing:In View3d.save(), saving figure: solarfield\data\output\ExampleSolarFieldOutput\tsfo014_Heliostat_Vector_Field_xy.png
INFO:singleprocessing:Saving figure text: solarfield\data\output\ExampleSolarFieldOutput\tsfo014_Heliostat_Vector_Field_xy.txt
INFO:singleprocessing:In View3d.save(), saving figure: solarfield\data\output\ExampleSolarFieldOutput\tsfo015_Heliostat_Vector_Field_xz.png
INFO:singleprocessing:Saving figure text: solarfield\data\output\ExampleSolarFieldOutput\tsfo015_Heliostat_Vector_Field_xz.txt
INFO:singleprocessing:In View3d.save(), saving figure: solarfield\data\output\ExampleSolarFieldOutput\tsfo016_Heliostat_Vector_Field_yz.png
INFO:singleprocessing:Saving figure text: solarfield\data\output\ExampleSolarFieldOutput\tsfo016_Heliostat_Vector_Field_yz.txt
INFO:singleprocessing:

Starting ExampleSolarFieldOutput.example_dense_vector_field()...
INFO:singleprocessing:Closing existing plot windows...
INFO:singleprocessing:Resetting figure management structure...
INFO:singleprocessing:In View3d.save(), saving figure: solarfield\data\output\ExampleSolarFieldOutput\tsfo017_Dense_Tracking_Vector_Field_xy.png
INFO:singleprocessing:Saving figure text: solarfield\data\output\ExampleSolarFieldOutput\tsfo017_Dense_Tracking_Vector_Field_xy.txt
INFO:singleprocessing:All tests complete.
